<?xml version="1.0" encoding="UTF-8"?>
<!-- Generated by org.testng.reporters.JUnitReportReporter -->
<testsuite hostname="DESKTOP-FO8AIKR" failures="0" tests="1" name="com.temp.mavenTestNGProject.TestHelloWorld" time="0.016" errors="0" timestamp="11 Jun 2018 18:04:14 GMT">
  <testcase classname="com.temp.mavenTestNGProject.TestHelloWorld" name="testEmailGenerator" time="0.016"/>
</testsuite> <!-- com.temp.mavenTestNGProject.TestHelloWorld -->
